<?xml version="1.0" encoding="utf-8" ?>

<model>
	<module name="m0">
		<datatype name="D"
			db_type="varchar"
			kind="String"
		>
			<storage-mapping class="com.top_logic.element.meta.kbbased.storage.mappings.DirectMapping"
				application-type="java.lang.String"
			/>
		</datatype>
		<class name="Base">
			<attributes>
				<property name="a"
					type="D"
				/>
				<property name="a_not_mandatory"
					type="D"
				/>
				<property name="a_mandatory"
					mandatory="true"
					type="D"
				/>
			</attributes>
		</class>

		<class name="Ext1">
			<generalizations>
				<generalization type="Base"/>
			</generalizations>

			<attributes>
				<property name="a"
					mandatory="true"
					override="true"
					type="D"
				/>
				<property name="a_mandatory"
					override="true"
					type="D"
				/>
				<property name="a_not_mandatory"
					override="true"
					type="D"
				/>
			</attributes>
		</class>
	</module>
</model>