<?xml version="1.0" encoding="utf-8"?>

<application xmlns:config="http://www.top-logic.com/ns/config/6.0">
	<services>
		<config service-class="com.top_logic.basic.util.ResourcesModule">
			<instance>
				<bundles>
					<bundle name="test-app-793.app-messages" />
				</bundles>
			</instance>
		</config>
		
		<config service-class="com.top_logic.knowledge.service.migration.MigrationService">
			<instance>
				<modules>
					<module name="test-app-793" />
				</modules>
			</instance>
		</config>

		<config service-class="com.top_logic.util.model.ModelService">
			<instance>
				<!-- Enforce explicitly describing migrations for new TL versions. -->
				<auto-upgrade>prevent</auto-upgrade>
			</instance>
		</config>
	</services>

	<configs>
		<config config:interface="com.top_logic.basic.db.schema.setup.config.ApplicationTypes">
			<type-systems>
				<type-system name="Default">
					<declarations>
						<declaration resource="webinf://kbase/test-app-793Meta.xml" />
					</declarations>
				</type-system>
			</type-systems>
		</config>
	</configs>
</application>
